{
  "uid" : "c5160825cbb1649f",
  "name" : "test_invalid_methods[GET]",
  "fullName" : "tests_api.test_post_register.TestRegister#test_invalid_methods",
  "historyId" : "a09ff7a18730fdff7e9e4f8b53d43e36",
  "time" : {
    "start" : 1718720315024,
    "stop" : 1718720315234,
    "duration" : 210
  },
  "description" : "Verify response code with invalid types of method.",
  "descriptionHtml" : "<p>Verify response code with invalid types of method.</p>\n",
  "status" : "failed",
  "statusMessage" : "AssertionError: assert 200 == 404\n +  where 200 = <Response [200]>.status_code",
  "statusTrace" : "self = <tests.tests_api.test_post_register.TestRegister object at 0x7f64e67d7510>\nregister = <api.user.USER object at 0x7f64e65c2550>, method = 'get', exp = 404\n\n    @pytest.mark.parametrize('method, exp', invalid_methods)\n    def test_invalid_methods(self, register, method, exp):\n        \"\"\"Verify response code with invalid types of method.\"\"\"\n        response = register.send_requests(method, register.endpoint,\n                                          None, register.data)\n>       assert response.status_code == exp\nE       assert 200 == 404\nE        +  where 200 = <Response [200]>.status_code\n\ntests/tests_api/test_post_register.py:113: AssertionError",
  "flaky" : false,
  "newFailed" : false,
  "beforeStages" : [ {
    "name" : "register",
    "time" : {
      "start" : 1718720315022,
      "stop" : 1718720315023,
      "duration" : 1
    },
    "status" : "passed",
    "steps" : [ {
      "name" : "Setup Register data",
      "time" : {
        "start" : 1718720315022,
        "stop" : 1718720315023,
        "duration" : 1
      },
      "status" : "passed",
      "steps" : [ {
        "name" : "Set user registration data_models",
        "time" : {
          "start" : 1718720315023,
          "stop" : 1718720315023,
          "duration" : 0
        },
        "status" : "passed",
        "steps" : [ ],
        "attachments" : [ ],
        "parameters" : [ {
          "name" : "name",
          "value" : "'Head edwardsmichael'"
        }, {
          "name" : "mail",
          "value" : "'Tanya.Alexander@hines-shannon.com'"
        }, {
          "name" : "pwd",
          "value" : "'w7DyQk'"
        } ],
        "stepsCount" : 0,
        "attachmentsCount" : 0,
        "shouldDisplayMessage" : false,
        "hasContent" : true
      } ],
      "attachments" : [ ],
      "parameters" : [ ],
      "stepsCount" : 1,
      "attachmentsCount" : 0,
      "shouldDisplayMessage" : false,
      "hasContent" : true
    } ],
    "attachments" : [ ],
    "parameters" : [ ],
    "stepsCount" : 2,
    "attachmentsCount" : 0,
    "shouldDisplayMessage" : false,
    "hasContent" : true
  }, {
    "name" : "pytestconfig",
    "time" : {
      "start" : 1718720210375,
      "stop" : 1718720210375,
      "duration" : 0
    },
    "status" : "passed",
    "steps" : [ ],
    "attachments" : [ ],
    "parameters" : [ ],
    "stepsCount" : 0,
    "attachmentsCount" : 0,
    "shouldDisplayMessage" : false,
    "hasContent" : false
  }, {
    "name" : "_verify_url",
    "time" : {
      "start" : 1718720210353,
      "stop" : 1718720210353,
      "duration" : 0
    },
    "status" : "passed",
    "steps" : [ ],
    "attachments" : [ ],
    "parameters" : [ ],
    "stepsCount" : 0,
    "attachmentsCount" : 0,
    "shouldDisplayMessage" : false,
    "hasContent" : false
  }, {
    "name" : "base_url",
    "time" : {
      "start" : 1718720210353,
      "stop" : 1718720210353,
      "duration" : 0
    },
    "status" : "passed",
    "steps" : [ ],
    "attachments" : [ ],
    "parameters" : [ ],
    "stepsCount" : 0,
    "attachmentsCount" : 0,
    "shouldDisplayMessage" : false,
    "hasContent" : false
  }, {
    "name" : "delete_output_dir",
    "time" : {
      "start" : 1718720210375,
      "stop" : 1718720210375,
      "duration" : 0
    },
    "status" : "passed",
    "steps" : [ ],
    "attachments" : [ ],
    "parameters" : [ ],
    "stepsCount" : 0,
    "attachmentsCount" : 0,
    "shouldDisplayMessage" : false,
    "hasContent" : false
  }, {
    "name" : "_session_faker",
    "time" : {
      "start" : 1718720210353,
      "stop" : 1718720210375,
      "duration" : 22
    },
    "status" : "passed",
    "steps" : [ ],
    "attachments" : [ ],
    "parameters" : [ ],
    "stepsCount" : 0,
    "attachmentsCount" : 0,
    "shouldDisplayMessage" : false,
    "hasContent" : false
  } ],
  "testStage" : {
    "description" : "Verify response code with invalid types of method.",
    "status" : "failed",
    "statusMessage" : "AssertionError: assert 200 == 404\n +  where 200 = <Response [200]>.status_code",
    "statusTrace" : "self = <tests.tests_api.test_post_register.TestRegister object at 0x7f64e67d7510>\nregister = <api.user.USER object at 0x7f64e65c2550>, method = 'get', exp = 404\n\n    @pytest.mark.parametrize('method, exp', invalid_methods)\n    def test_invalid_methods(self, register, method, exp):\n        \"\"\"Verify response code with invalid types of method.\"\"\"\n        response = register.send_requests(method, register.endpoint,\n                                          None, register.data)\n>       assert response.status_code == exp\nE       assert 200 == 404\nE        +  where 200 = <Response [200]>.status_code\n\ntests/tests_api/test_post_register.py:113: AssertionError",
    "steps" : [ {
      "name" : "Send get requests",
      "time" : {
        "start" : 1718720315024,
        "stop" : 1718720315233,
        "duration" : 209
      },
      "status" : "passed",
      "steps" : [ ],
      "attachments" : [ {
        "uid" : "73dde213332b2dc9",
        "name" : "Request Info",
        "source" : "73dde213332b2dc9.txt",
        "type" : "text/plain",
        "size" : 212
      } ],
      "parameters" : [ ],
      "stepsCount" : 0,
      "attachmentsCount" : 1,
      "shouldDisplayMessage" : false,
      "hasContent" : true
    } ],
    "attachments" : [ ],
    "parameters" : [ ],
    "stepsCount" : 1,
    "attachmentsCount" : 1,
    "shouldDisplayMessage" : true,
    "hasContent" : true
  },
  "afterStages" : [ {
    "name" : "register::0",
    "time" : {
      "start" : 1718720315237,
      "stop" : 1718720315448,
      "duration" : 211
    },
    "status" : "passed",
    "steps" : [ {
      "name" : "Send DELETE request",
      "time" : {
        "start" : 1718720315237,
        "stop" : 1718720315447,
        "duration" : 210
      },
      "status" : "passed",
      "steps" : [ {
        "name" : "Setup Header with user token",
        "time" : {
          "start" : 1718720315237,
          "stop" : 1718720315237,
          "duration" : 0
        },
        "status" : "passed",
        "steps" : [ ],
        "attachments" : [ ],
        "parameters" : [ {
          "name" : "token",
          "value" : "None"
        } ],
        "stepsCount" : 0,
        "attachmentsCount" : 0,
        "shouldDisplayMessage" : false,
        "hasContent" : true
      } ],
      "attachments" : [ {
        "uid" : "927da175835910e4",
        "name" : "Request Info",
        "source" : "927da175835910e4.txt",
        "type" : "text/plain",
        "size" : 137
      } ],
      "parameters" : [ {
        "name" : "access_token",
        "value" : "None"
      } ],
      "stepsCount" : 1,
      "attachmentsCount" : 1,
      "shouldDisplayMessage" : false,
      "hasContent" : true
    } ],
    "attachments" : [ ],
    "parameters" : [ ],
    "stepsCount" : 2,
    "attachmentsCount" : 1,
    "shouldDisplayMessage" : false,
    "hasContent" : true
  } ],
  "labels" : [ {
    "name" : "parentSuite",
    "value" : "tests_api"
  }, {
    "name" : "suite",
    "value" : "test_post_register"
  }, {
    "name" : "subSuite",
    "value" : "TestRegister"
  }, {
    "name" : "host",
    "value" : "932702603f7a"
  }, {
    "name" : "thread",
    "value" : "9-MainThread"
  }, {
    "name" : "framework",
    "value" : "pytest"
  }, {
    "name" : "language",
    "value" : "cpython3"
  }, {
    "name" : "package",
    "value" : "tests_api.test_post_register"
  }, {
    "name" : "resultFormat",
    "value" : "allure2"
  } ],
  "parameters" : [ {
    "name" : "exp",
    "value" : "404"
  }, {
    "name" : "method",
    "value" : "'get'"
  } ],
  "links" : [ ],
  "hidden" : false,
  "retry" : false,
  "extra" : {
    "severity" : "normal",
    "retries" : [ ],
    "categories" : [ {
      "name" : "Product defects",
      "matchedStatuses" : [ ],
      "flaky" : false
    } ],
    "history" : {
      "statistic" : {
        "failed" : 4,
        "broken" : 0,
        "skipped" : 0,
        "passed" : 0,
        "unknown" : 0,
        "total" : 4
      },
      "items" : [ {
        "uid" : "8132d7d570fdb36c",
        "status" : "failed",
        "statusDetails" : "AssertionError: assert 200 == 404\n +  where 200 = <Response [200]>.status_code",
        "time" : {
          "start" : 1718458667436,
          "stop" : 1718458667845,
          "duration" : 409
        }
      }, {
        "uid" : "f7d9d782f0199586",
        "status" : "failed",
        "statusDetails" : "AssertionError: assert 200 == 404\n +  where 200 = <Response [200]>.status_code",
        "time" : {
          "start" : 1718454931117,
          "stop" : 1718454931290,
          "duration" : 173
        }
      }, {
        "uid" : "c4de1515607ab62",
        "status" : "failed",
        "statusDetails" : "AssertionError: assert 200 == 404\n +  where 200 = <Response [200]>.status_code",
        "time" : {
          "start" : 1718453594048,
          "stop" : 1718453594222,
          "duration" : 174
        }
      } ]
    },
    "tags" : [ ]
  },
  "source" : "c5160825cbb1649f.json",
  "parameterValues" : [ "404", "'get'" ]
}